=== URL Analysis Report ===
Generated: 2025-10-19 14:32:31
Total valid URLs: 188

== Top Suffixes ==
   40  userimage.html
   36  viewer_index.shtml
   27  video.cgi
   18  index.shtml
   15  player
   13  /
   11  view.shtml
   10  multiview
    6  multi.html
    3  cgistart

== Top Paths ==
   40  /control/userimage.html
   36  /view/viewer_index.shtml
   27  /axis-cgi/mjpg/video.cgi
   18  /view/index.shtml
   15  /control/player
   12  /
   11  /view/view.shtml
   10  /control/multiview
    6  /multi.html
    3  /cgistart

== Ports ==
   67  80
   22  8080
    6  81
    5  443
    5  82
    4  8001
    3  8081
    3  1024
    3  8011
    3  8082
    2  1026
    2  9600
    2  3000
    2  88
    2  83
    2  58080
    2  9000
    2  9091
    2  8000
    2  8088
    2  5013
    1  9001
    1  5000
    1  2206
    1  10002
    1  85
    1  8320
    1  801
    1  9080
    1  91
    1  8443
    1  8101
    1  8083
    1  8051
    1  2222
    1  11443
    1  2220
    1  8207
    1  38080
    1  8042
    1  5022
    1  5001
    1  8180
    1  8004
    1  1229
    1  4002
    1  5560
    1  6106
    1  86
    1  50000
    1  1201
    1  55111
    1  2008
    1  40030
    1  46
    1  42564
    1  1892
    1  8196
    1  8050
    1  8084
    1  32479
    1  810
    1  8883
    1  8888
    1  20002
    1  25180

